mode: set
github.com/rios0rios0/terra/internal/infrastructure/controllers/container.go:25.26,32.2 1 0
github.com/rios0rios0/terra/internal/infrastructure/controllers/delete_cache_controller.go:13.84,15.2 1 0
github.com/rios0rios0/terra/internal/infrastructure/controllers/delete_cache_controller.go:17.68,23.2 1 0
github.com/rios0rios0/terra/internal/infrastructure/controllers/delete_cache_controller.go:25.72,27.2 1 0
github.com/rios0rios0/terra/internal/infrastructure/controllers/format_files_controller.go:17.26,22.2 1 0
github.com/rios0rios0/terra/internal/infrastructure/controllers/format_files_controller.go:24.68,30.2 1 0
github.com/rios0rios0/terra/internal/infrastructure/controllers/format_files_controller.go:32.72,34.2 1 0
github.com/rios0rios0/terra/internal/infrastructure/controllers/install_dependencies_controller.go:17.34,22.2 1 1
github.com/rios0rios0/terra/internal/infrastructure/controllers/install_dependencies_controller.go:24.76,30.2 1 1
github.com/rios0rios0/terra/internal/infrastructure/controllers/install_dependencies_controller.go:32.80,34.2 1 1
github.com/rios0rios0/terra/internal/infrastructure/controllers/run_from_root_controller.go:18.26,23.2 1 0
github.com/rios0rios0/terra/internal/infrastructure/controllers/run_from_root_controller.go:25.68,32.2 1 0
github.com/rios0rios0/terra/internal/infrastructure/controllers/run_from_root_controller.go:34.80,38.2 3 0
github.com/rios0rios0/terra/internal/infrastructure/controllers/version_controller.go:13.72,15.2 1 0
github.com/rios0rios0/terra/internal/infrastructure/controllers/version_controller.go:17.64,23.2 1 0
github.com/rios0rios0/terra/internal/infrastructure/controllers/version_controller.go:25.68,27.2 1 0
github.com/rios0rios0/terra/internal/domain/commands/delete_cache_command.go:13.50,15.2 1 0
github.com/rios0rios0/terra/internal/domain/commands/delete_cache_command.go:17.61,19.34 2 0
github.com/rios0rios0/terra/internal/domain/commands/delete_cache_command.go:19.34,21.79 2 0
github.com/rios0rios0/terra/internal/domain/commands/delete_cache_command.go:21.79,22.18 1 0
github.com/rios0rios0/terra/internal/domain/commands/delete_cache_command.go:22.18,24.5 1 0
github.com/rios0rios0/terra/internal/domain/commands/delete_cache_command.go:26.4,26.52 1 0
github.com/rios0rios0/terra/internal/domain/commands/delete_cache_command.go:26.52,28.5 1 0
github.com/rios0rios0/terra/internal/domain/commands/delete_cache_command.go:29.4,29.14 1 0
github.com/rios0rios0/terra/internal/domain/commands/delete_cache_command.go:32.3,32.44 1 0
github.com/rios0rios0/terra/internal/domain/commands/delete_cache_command.go:32.44,35.18 3 0
github.com/rios0rios0/terra/internal/domain/commands/delete_cache_command.go:35.18,37.5 1 0
github.com/rios0rios0/terra/internal/domain/commands/format_files_command.go:13.89,15.2 1 0
github.com/rios0rios0/terra/internal/domain/commands/format_files_command.go:17.75,19.42 2 0
github.com/rios0rios0/terra/internal/domain/commands/format_files_command.go:19.42,21.17 2 0
github.com/rios0rios0/terra/internal/domain/commands/format_files_command.go:21.17,23.4 1 0
github.com/rios0rios0/terra/internal/domain/commands/install_dependencies_command.go:26.66,28.2 1 1
github.com/rios0rios0/terra/internal/domain/commands/install_dependencies_command.go:30.83,31.42 1 1
github.com/rios0rios0/terra/internal/domain/commands/install_dependencies_command.go:31.42,34.48 2 1
github.com/rios0rios0/terra/internal/domain/commands/install_dependencies_command.go:34.48,37.4 2 1
github.com/rios0rios0/terra/internal/domain/commands/install_dependencies_command.go:37.9,40.28 2 0
github.com/rios0rios0/terra/internal/domain/commands/install_dependencies_command.go:40.28,42.13 2 0
github.com/rios0rios0/terra/internal/domain/commands/install_dependencies_command.go:45.4,46.22 2 0
github.com/rios0rios0/terra/internal/domain/commands/install_dependencies_command.go:46.22,48.72 1 0
github.com/rios0rios0/terra/internal/domain/commands/install_dependencies_command.go:48.72,51.6 2 0
github.com/rios0rios0/terra/internal/domain/commands/install_dependencies_command.go:51.11,53.6 1 0
github.com/rios0rios0/terra/internal/domain/commands/install_dependencies_command.go:54.10,54.30 1 0
github.com/rios0rios0/terra/internal/domain/commands/install_dependencies_command.go:54.30,56.5 1 0
github.com/rios0rios0/terra/internal/domain/commands/install_dependencies_command.go:56.10,58.5 1 0
github.com/rios0rios0/terra/internal/domain/commands/install_dependencies_command.go:64.58,69.16 4 1
github.com/rios0rios0/terra/internal/domain/commands/install_dependencies_command.go:69.16,71.3 1 0
github.com/rios0rios0/terra/internal/domain/commands/install_dependencies_command.go:73.2,74.16 2 1
github.com/rios0rios0/terra/internal/domain/commands/install_dependencies_command.go:74.16,76.3 1 0
github.com/rios0rios0/terra/internal/domain/commands/install_dependencies_command.go:77.2,80.16 3 1
github.com/rios0rios0/terra/internal/domain/commands/install_dependencies_command.go:80.16,82.3 1 0
github.com/rios0rios0/terra/internal/domain/commands/install_dependencies_command.go:84.2,86.22 3 1
github.com/rios0rios0/terra/internal/domain/commands/install_dependencies_command.go:86.22,88.3 1 1
github.com/rios0rios0/terra/internal/domain/commands/install_dependencies_command.go:90.2,91.11 2 0
github.com/rios0rios0/terra/internal/domain/commands/install_dependencies_command.go:95.49,98.2 2 1
github.com/rios0rios0/terra/internal/domain/commands/install_dependencies_command.go:101.44,103.14 2 0
github.com/rios0rios0/terra/internal/domain/commands/install_dependencies_command.go:104.19,105.40 1 0
github.com/rios0rios0/terra/internal/domain/commands/install_dependencies_command.go:106.20,107.40 1 0
github.com/rios0rios0/terra/internal/domain/commands/install_dependencies_command.go:108.10,109.12 1 0
github.com/rios0rios0/terra/internal/domain/commands/install_dependencies_command.go:112.2,113.16 2 0
github.com/rios0rios0/terra/internal/domain/commands/install_dependencies_command.go:113.16,116.3 2 0
github.com/rios0rios0/terra/internal/domain/commands/install_dependencies_command.go:118.2,123.22 4 0
github.com/rios0rios0/terra/internal/domain/commands/install_dependencies_command.go:123.22,125.3 1 0
github.com/rios0rios0/terra/internal/domain/commands/install_dependencies_command.go:127.2,127.11 1 0
github.com/rios0rios0/terra/internal/domain/commands/install_dependencies_command.go:131.41,137.30 3 0
github.com/rios0rios0/terra/internal/domain/commands/install_dependencies_command.go:137.30,138.47 1 0
github.com/rios0rios0/terra/internal/domain/commands/install_dependencies_command.go:138.47,141.4 2 0
github.com/rios0rios0/terra/internal/domain/commands/install_dependencies_command.go:143.2,143.30 1 0
github.com/rios0rios0/terra/internal/domain/commands/install_dependencies_command.go:143.30,144.47 1 0
github.com/rios0rios0/terra/internal/domain/commands/install_dependencies_command.go:144.47,147.4 2 0
github.com/rios0rios0/terra/internal/domain/commands/install_dependencies_command.go:151.2,152.26 2 0
github.com/rios0rios0/terra/internal/domain/commands/install_dependencies_command.go:152.26,154.3 1 0
github.com/rios0rios0/terra/internal/domain/commands/install_dependencies_command.go:156.2,156.27 1 0
github.com/rios0rios0/terra/internal/domain/commands/install_dependencies_command.go:156.27,158.3 1 0
github.com/rios0rios0/terra/internal/domain/commands/install_dependencies_command.go:159.2,159.27 1 0
github.com/rios0rios0/terra/internal/domain/commands/install_dependencies_command.go:159.27,161.3 1 0
github.com/rios0rios0/terra/internal/domain/commands/install_dependencies_command.go:163.2,163.30 1 0
github.com/rios0rios0/terra/internal/domain/commands/install_dependencies_command.go:163.30,167.18 3 0
github.com/rios0rios0/terra/internal/domain/commands/install_dependencies_command.go:167.18,169.4 1 0
github.com/rios0rios0/terra/internal/domain/commands/install_dependencies_command.go:169.9,169.25 1 0
github.com/rios0rios0/terra/internal/domain/commands/install_dependencies_command.go:169.25,171.4 1 0
github.com/rios0rios0/terra/internal/domain/commands/install_dependencies_command.go:174.2,174.10 1 0
github.com/rios0rios0/terra/internal/domain/commands/install_dependencies_command.go:178.81,184.21 4 0
github.com/rios0rios0/terra/internal/domain/commands/install_dependencies_command.go:184.21,185.39 1 0
github.com/rios0rios0/terra/internal/domain/commands/install_dependencies_command.go:185.39,187.4 1 0
github.com/rios0rios0/terra/internal/domain/commands/install_dependencies_command.go:188.3,188.15 1 0
github.com/rios0rios0/terra/internal/domain/commands/install_dependencies_command.go:190.2,192.45 2 0
github.com/rios0rios0/terra/internal/domain/commands/install_dependencies_command.go:196.73,199.88 2 0
github.com/rios0rios0/terra/internal/domain/commands/install_dependencies_command.go:199.88,200.17 1 0
github.com/rios0rios0/terra/internal/domain/commands/install_dependencies_command.go:200.17,202.4 1 0
github.com/rios0rios0/terra/internal/domain/commands/install_dependencies_command.go:204.3,204.16 1 0
github.com/rios0rios0/terra/internal/domain/commands/install_dependencies_command.go:204.16,206.4 1 0
github.com/rios0rios0/terra/internal/domain/commands/install_dependencies_command.go:208.3,211.29 2 0
github.com/rios0rios0/terra/internal/domain/commands/install_dependencies_command.go:211.29,214.4 2 0
github.com/rios0rios0/terra/internal/domain/commands/install_dependencies_command.go:217.3,217.81 1 0
github.com/rios0rios0/terra/internal/domain/commands/install_dependencies_command.go:217.81,221.42 1 0
github.com/rios0rios0/terra/internal/domain/commands/install_dependencies_command.go:221.42,224.5 2 0
github.com/rios0rios0/terra/internal/domain/commands/install_dependencies_command.go:227.3,227.13 1 0
github.com/rios0rios0/terra/internal/domain/commands/install_dependencies_command.go:230.2,230.16 1 0
github.com/rios0rios0/terra/internal/domain/commands/install_dependencies_command.go:230.16,232.3 1 0
github.com/rios0rios0/terra/internal/domain/commands/install_dependencies_command.go:234.2,234.21 1 0
github.com/rios0rios0/terra/internal/domain/commands/install_dependencies_command.go:234.21,236.3 1 0
github.com/rios0rios0/terra/internal/domain/commands/install_dependencies_command.go:238.2,238.23 1 0
github.com/rios0rios0/terra/internal/domain/commands/install_dependencies_command.go:242.32,249.54 5 1
github.com/rios0rios0/terra/internal/domain/commands/install_dependencies_command.go:249.54,251.3 1 0
github.com/rios0rios0/terra/internal/domain/commands/install_dependencies_command.go:253.2,254.62 2 1
github.com/rios0rios0/terra/internal/domain/commands/install_dependencies_command.go:254.62,256.3 1 0
github.com/rios0rios0/terra/internal/domain/commands/install_dependencies_command.go:258.2,260.16 3 1
github.com/rios0rios0/terra/internal/domain/commands/install_dependencies_command.go:260.16,262.3 1 0
github.com/rios0rios0/terra/internal/domain/commands/install_dependencies_command.go:264.2,264.66 1 1
github.com/rios0rios0/terra/internal/domain/commands/install_dependencies_command.go:264.66,268.69 3 0
github.com/rios0rios0/terra/internal/domain/commands/install_dependencies_command.go:268.69,270.4 1 0
github.com/rios0rios0/terra/internal/domain/commands/install_dependencies_command.go:273.3,274.17 2 0
github.com/rios0rios0/terra/internal/domain/commands/install_dependencies_command.go:274.17,276.4 1 0
github.com/rios0rios0/terra/internal/domain/commands/install_dependencies_command.go:279.3,279.62 1 0
github.com/rios0rios0/terra/internal/domain/commands/install_dependencies_command.go:279.62,281.4 1 0
github.com/rios0rios0/terra/internal/domain/commands/install_dependencies_command.go:284.3,284.56 1 0
github.com/rios0rios0/terra/internal/domain/commands/install_dependencies_command.go:284.56,286.4 1 0
github.com/rios0rios0/terra/internal/domain/commands/install_dependencies_command.go:287.3,287.50 1 0
github.com/rios0rios0/terra/internal/domain/commands/install_dependencies_command.go:287.50,289.4 1 0
github.com/rios0rios0/terra/internal/domain/commands/install_dependencies_command.go:290.8,291.64 1 1
github.com/rios0rios0/terra/internal/domain/commands/install_dependencies_command.go:291.64,293.4 1 0
github.com/rios0rios0/terra/internal/domain/commands/install_dependencies_command.go:296.2,296.59 1 1
github.com/rios0rios0/terra/internal/domain/commands/install_dependencies_command.go:296.59,298.3 1 0
github.com/rios0rios0/terra/internal/domain/commands/run_additional_before_command.go:21.31,27.2 1 0
github.com/rios0rios0/terra/internal/domain/commands/run_additional_before_command.go:29.86,31.48 1 0
github.com/rios0rios0/terra/internal/domain/commands/run_additional_before_command.go:31.48,33.17 2 0
github.com/rios0rios0/terra/internal/domain/commands/run_additional_before_command.go:33.17,35.4 1 0
github.com/rios0rios0/terra/internal/domain/commands/run_additional_before_command.go:39.2,39.38 1 0
github.com/rios0rios0/terra/internal/domain/commands/run_additional_before_command.go:39.38,41.3 1 0
github.com/rios0rios0/terra/internal/domain/commands/run_additional_before_command.go:44.2,44.49 1 0
github.com/rios0rios0/terra/internal/domain/commands/run_additional_before_command.go:44.49,46.17 2 0
github.com/rios0rios0/terra/internal/domain/commands/run_additional_before_command.go:46.17,48.4 1 0
github.com/rios0rios0/terra/internal/domain/commands/run_additional_before_command.go:52.78,55.2 2 0
github.com/rios0rios0/terra/internal/domain/commands/run_additional_before_command.go:57.53,60.2 2 0
github.com/rios0rios0/terra/internal/domain/commands/run_from_root_command.go:24.23,32.2 1 0
github.com/rios0rios0/terra/internal/domain/commands/run_from_root_command.go:34.114,45.20 7 0
github.com/rios0rios0/terra/internal/domain/commands/run_from_root_command.go:45.20,48.3 2 0
github.com/rios0rios0/terra/internal/domain/commands/run_from_root_command.go:48.8,50.3 1 0
github.com/rios0rios0/terra/internal/domain/commands/run_from_root_command.go:52.2,52.16 1 0
github.com/rios0rios0/terra/internal/domain/commands/run_from_root_command.go:52.16,54.3 1 0
github.com/rios0rios0/terra/internal/domain/commands/run_from_root_command.go:57.74,58.32 1 0
github.com/rios0rios0/terra/internal/domain/commands/run_from_root_command.go:58.32,59.44 1 0
github.com/rios0rios0/terra/internal/domain/commands/run_from_root_command.go:59.44,61.4 1 0
github.com/rios0rios0/terra/internal/domain/commands/run_from_root_command.go:63.2,63.14 1 0
github.com/rios0rios0/terra/internal/domain/commands/run_from_root_command.go:66.81,68.32 2 0
github.com/rios0rios0/terra/internal/domain/commands/run_from_root_command.go:68.32,69.44 1 0
github.com/rios0rios0/terra/internal/domain/commands/run_from_root_command.go:69.44,71.4 1 0
github.com/rios0rios0/terra/internal/domain/commands/run_from_root_command.go:73.2,73.17 1 0
github.com/rios0rios0/terra/internal/domain/commands/version_command.go:20.76,24.2 1 0
github.com/rios0rios0/terra/internal/domain/commands/version_command.go:26.37,36.2 5 0
github.com/rios0rios0/terra/internal/domain/commands/version_command.go:38.56,40.65 1 0
github.com/rios0rios0/terra/internal/domain/commands/version_command.go:40.65,42.3 1 0
github.com/rios0rios0/terra/internal/domain/commands/version_command.go:45.2,45.38 1 0
github.com/rios0rios0/terra/internal/domain/commands/version_command.go:45.38,46.30 1 0
github.com/rios0rios0/terra/internal/domain/commands/version_command.go:46.30,48.4 1 0
github.com/rios0rios0/terra/internal/domain/commands/version_command.go:51.2,51.24 1 0
github.com/rios0rios0/terra/internal/domain/commands/version_command.go:54.57,56.66 1 0
github.com/rios0rios0/terra/internal/domain/commands/version_command.go:56.66,58.3 1 0
github.com/rios0rios0/terra/internal/domain/commands/version_command.go:61.2,61.38 1 0
github.com/rios0rios0/terra/internal/domain/commands/version_command.go:61.38,62.31 1 0
github.com/rios0rios0/terra/internal/domain/commands/version_command.go:62.31,64.4 1 0
github.com/rios0rios0/terra/internal/domain/commands/version_command.go:67.2,67.24 1 0
github.com/rios0rios0/terra/internal/domain/commands/version_command.go:70.65,73.16 3 0
github.com/rios0rios0/terra/internal/domain/commands/version_command.go:73.16,76.3 2 0
github.com/rios0rios0/terra/internal/domain/commands/version_command.go:78.2,81.14 2 0
github.com/rios0rios0/terra/internal/domain/commands/version_command.go:82.19,86.23 3 0
github.com/rios0rios0/terra/internal/domain/commands/version_command.go:86.23,88.4 1 0
github.com/rios0rios0/terra/internal/domain/commands/version_command.go:89.20,93.23 3 0
github.com/rios0rios0/terra/internal/domain/commands/version_command.go:93.23,95.4 1 0
github.com/rios0rios0/terra/internal/domain/commands/version_command.go:98.2,98.16 1 0
github.com/rios0rios0/terra/internal/domain/commands/version_command.go:101.84,105.2 1 0
